<?xml version="1.0" encoding="UTF-8"?>
<!-- Generated by org.testng.reporters.JUnitXMLReporter -->
<testsuite hostname="noahyang-PC0" name="com.molo.test" tests="2" failures="1" timestamp="19 Nov 2014 09:34:06 GMT" time="8.758" errors="0">
  <testcase name="GetAppListApp_isOk" time="8.563" classname="com.molo.wmarket.vmarketTest"/>
  <testcase name="GetAppListGame_isOk" time="0.181" classname="com.molo.wmarket.vmarketTest">
    <failure type="java.lang.AssertionError" message="热门游戏数量。">
      <![CDATA[java.lang.AssertionError: 热门游戏数量。
	at org.junit.Assert.fail(Assert.java:93)
	at org.junit.Assert.assertTrue(Assert.java:43)
	at com.molo.wmarket.vmarketTest.GetAppListGame_isOk(vmarketTest.java:100)
... Removed 24 stack frames]]>
    </failure>
  </testcase> <!-- GetAppListGame_isOk -->
</testsuite> <!-- com.molo.test -->
